[2024-11-10 17:27:19,521][absl][INFO] - MUJOCO_GL is not set, so an OpenGL backend will be chosen automatically.
[2024-11-10 17:27:19,740][absl][INFO] - Successfully imported OpenGL backend: glfw
[2024-11-10 17:27:19,835][absl][INFO] - MuJoCo library version is: 3.2.5
[2024-11-10 17:33:27,237][absl][INFO] - MUJOCO_GL is not set, so an OpenGL backend will be chosen automatically.
[2024-11-10 17:33:27,447][absl][INFO] - Successfully imported OpenGL backend: glfw
[2024-11-10 17:33:27,537][absl][INFO] - MuJoCo library version is: 3.2.5
[2024-11-10 17:43:48,382][absl][INFO] - MUJOCO_GL is not set, so an OpenGL backend will be chosen automatically.
[2024-11-10 17:43:48,609][absl][INFO] - Successfully imported OpenGL backend: glfw
[2024-11-10 17:43:48,696][absl][INFO] - MuJoCo library version is: 3.2.5
[2024-11-11 13:17:06,427][absl][INFO] - MUJOCO_GL is not set, so an OpenGL backend will be chosen automatically.
[2024-11-11 13:17:06,649][absl][INFO] - Successfully imported OpenGL backend: glfw
[2024-11-11 13:17:06,750][absl][INFO] - MuJoCo library version is: 3.2.5
[2024-11-11 13:17:36,567][absl][INFO] - MUJOCO_GL is not set, so an OpenGL backend will be chosen automatically.
[2024-11-11 13:17:36,784][absl][INFO] - Successfully imported OpenGL backend: glfw
[2024-11-11 13:17:36,855][absl][INFO] - MuJoCo library version is: 3.2.5
[2024-11-11 18:08:06,917][absl][INFO] - MUJOCO_GL is not set, so an OpenGL backend will be chosen automatically.
[2024-11-11 18:08:07,117][absl][INFO] - Successfully imported OpenGL backend: glfw
[2024-11-11 18:08:07,180][absl][INFO] - MuJoCo library version is: 3.2.5
[2024-11-11 18:08:32,326][absl][INFO] - MUJOCO_GL is not set, so an OpenGL backend will be chosen automatically.
[2024-11-11 18:08:32,551][absl][INFO] - Successfully imported OpenGL backend: glfw
[2024-11-11 18:08:32,618][absl][INFO] - MuJoCo library version is: 3.2.5
[2024-11-11 18:08:48,100][absl][INFO] - MUJOCO_GL is not set, so an OpenGL backend will be chosen automatically.
[2024-11-11 18:08:48,330][absl][INFO] - Successfully imported OpenGL backend: glfw
[2024-11-11 18:08:48,408][absl][INFO] - MuJoCo library version is: 3.2.5
[2024-11-11 18:09:35,396][absl][INFO] - MUJOCO_GL is not set, so an OpenGL backend will be chosen automatically.
[2024-11-11 18:09:35,618][absl][INFO] - Successfully imported OpenGL backend: glfw
[2024-11-11 18:09:35,688][absl][INFO] - MuJoCo library version is: 3.2.5
[2024-11-11 18:09:45,710][absl][INFO] - MUJOCO_GL is not set, so an OpenGL backend will be chosen automatically.
[2024-11-11 18:09:45,944][absl][INFO] - Successfully imported OpenGL backend: glfw
[2024-11-11 18:09:46,010][absl][INFO] - MuJoCo library version is: 3.2.5
[2024-11-11 18:09:57,390][absl][INFO] - MUJOCO_GL is not set, so an OpenGL backend will be chosen automatically.
[2024-11-11 18:09:57,624][absl][INFO] - Successfully imported OpenGL backend: glfw
[2024-11-11 18:09:57,695][absl][INFO] - MuJoCo library version is: 3.2.5
[2024-11-11 18:12:12,653][absl][INFO] - MUJOCO_GL is not set, so an OpenGL backend will be chosen automatically.
[2024-11-11 18:12:12,851][absl][INFO] - Successfully imported OpenGL backend: glfw
[2024-11-11 18:12:12,914][absl][INFO] - MuJoCo library version is: 3.2.5
[2024-11-11 18:12:14,385][absl][WARNING] - Nan, Inf or huge value in CTRL at ACTUATOR 0. The simulation is unstable. Time = 0.0000.
[2024-11-11 18:12:14,585][absl][WARNING] - Nan, Inf or huge value in CTRL at ACTUATOR 0. The simulation is unstable. Time = 0.0000.
[2024-11-11 18:12:14,784][absl][WARNING] - Nan, Inf or huge value in CTRL at ACTUATOR 0. The simulation is unstable. Time = 0.0000.
[2024-11-12 15:35:15,282][absl][INFO] - MUJOCO_GL is not set, so an OpenGL backend will be chosen automatically.
[2024-11-12 15:35:15,587][absl][INFO] - Successfully imported OpenGL backend: glfw
[2024-11-12 15:35:15,777][absl][INFO] - MuJoCo library version is: 3.2.5
[2024-11-12 15:45:29,672][absl][INFO] - MUJOCO_GL is not set, so an OpenGL backend will be chosen automatically.
[2024-11-12 15:45:29,916][absl][INFO] - Successfully imported OpenGL backend: glfw
[2024-11-12 15:45:29,983][absl][INFO] - MuJoCo library version is: 3.2.5
[2024-11-12 16:26:29,944][absl][INFO] - MUJOCO_GL is not set, so an OpenGL backend will be chosen automatically.
[2024-11-12 16:26:30,177][absl][INFO] - Successfully imported OpenGL backend: glfw
[2024-11-12 16:26:30,275][absl][INFO] - MuJoCo library version is: 3.2.5
[2024-11-12 16:38:35,925][absl][INFO] - MUJOCO_GL is not set, so an OpenGL backend will be chosen automatically.
[2024-11-12 16:38:36,184][absl][INFO] - Successfully imported OpenGL backend: glfw
[2024-11-12 16:38:36,279][absl][INFO] - MuJoCo library version is: 3.2.5
[2024-11-12 17:34:21,756][absl][INFO] - MUJOCO_GL is not set, so an OpenGL backend will be chosen automatically.
[2024-11-12 17:34:22,013][absl][INFO] - Successfully imported OpenGL backend: glfw
[2024-11-12 17:34:22,102][absl][INFO] - MuJoCo library version is: 3.2.5
[2024-11-12 18:15:04,856][absl][INFO] - MUJOCO_GL is not set, so an OpenGL backend will be chosen automatically.
[2024-11-12 18:15:05,097][absl][INFO] - Successfully imported OpenGL backend: glfw
[2024-11-12 18:15:05,166][absl][INFO] - MuJoCo library version is: 3.2.5
[2024-11-12 18:25:47,839][absl][INFO] - MUJOCO_GL is not set, so an OpenGL backend will be chosen automatically.
[2024-11-12 18:25:48,081][absl][INFO] - Successfully imported OpenGL backend: glfw
[2024-11-12 18:25:48,146][absl][INFO] - MuJoCo library version is: 3.2.5
[2024-11-12 18:26:25,140][absl][INFO] - MUJOCO_GL is not set, so an OpenGL backend will be chosen automatically.
[2024-11-12 18:26:25,355][absl][INFO] - Successfully imported OpenGL backend: glfw
[2024-11-12 18:26:25,428][absl][INFO] - MuJoCo library version is: 3.2.5
[2024-11-12 18:27:28,156][absl][INFO] - MUJOCO_GL is not set, so an OpenGL backend will be chosen automatically.
[2024-11-12 18:27:28,374][absl][INFO] - Successfully imported OpenGL backend: glfw
[2024-11-12 18:27:28,445][absl][INFO] - MuJoCo library version is: 3.2.5
[2024-11-12 18:31:58,557][absl][INFO] - MUJOCO_GL is not set, so an OpenGL backend will be chosen automatically.
[2024-11-12 18:31:58,779][absl][INFO] - Successfully imported OpenGL backend: glfw
[2024-11-12 18:31:58,861][absl][INFO] - MuJoCo library version is: 3.2.5
[2024-11-12 21:57:27,013][absl][INFO] - MUJOCO_GL is not set, so an OpenGL backend will be chosen automatically.
[2024-11-12 21:57:27,241][absl][INFO] - Successfully imported OpenGL backend: glfw
[2024-11-12 21:57:27,324][absl][INFO] - MuJoCo library version is: 3.2.5
[2024-11-12 21:57:47,363][absl][INFO] - MUJOCO_GL is not set, so an OpenGL backend will be chosen automatically.
[2024-11-12 21:57:47,587][absl][INFO] - Successfully imported OpenGL backend: glfw
[2024-11-12 21:57:47,678][absl][INFO] - MuJoCo library version is: 3.2.5
[2024-11-12 21:58:21,024][absl][INFO] - MUJOCO_GL is not set, so an OpenGL backend will be chosen automatically.
[2024-11-12 21:58:21,256][absl][INFO] - Successfully imported OpenGL backend: glfw
[2024-11-12 21:58:21,336][absl][INFO] - MuJoCo library version is: 3.2.5
[2024-11-12 22:11:51,753][absl][INFO] - MUJOCO_GL is not set, so an OpenGL backend will be chosen automatically.
[2024-11-12 22:11:52,008][absl][INFO] - Successfully imported OpenGL backend: glfw
[2024-11-12 22:11:52,077][absl][INFO] - MuJoCo library version is: 3.2.5
[2024-11-12 22:15:17,055][absl][INFO] - MUJOCO_GL is not set, so an OpenGL backend will be chosen automatically.
[2024-11-12 22:15:17,308][absl][INFO] - Successfully imported OpenGL backend: glfw
[2024-11-12 22:15:17,374][absl][INFO] - MuJoCo library version is: 3.2.5
[2024-11-12 22:15:44,955][absl][INFO] - MUJOCO_GL is not set, so an OpenGL backend will be chosen automatically.
[2024-11-12 22:15:45,191][absl][INFO] - Successfully imported OpenGL backend: glfw
[2024-11-12 22:15:45,263][absl][INFO] - MuJoCo library version is: 3.2.5
[2024-11-12 22:16:08,270][absl][INFO] - MUJOCO_GL is not set, so an OpenGL backend will be chosen automatically.
[2024-11-12 22:16:08,519][absl][INFO] - Successfully imported OpenGL backend: glfw
[2024-11-12 22:16:08,600][absl][INFO] - MuJoCo library version is: 3.2.5
[2024-11-12 22:16:24,399][absl][INFO] - MUJOCO_GL is not set, so an OpenGL backend will be chosen automatically.
[2024-11-12 22:16:24,643][absl][INFO] - Successfully imported OpenGL backend: glfw
[2024-11-12 22:16:24,716][absl][INFO] - MuJoCo library version is: 3.2.5
[2024-11-12 22:17:16,144][absl][INFO] - MUJOCO_GL is not set, so an OpenGL backend will be chosen automatically.
[2024-11-12 22:17:16,367][absl][INFO] - Successfully imported OpenGL backend: glfw
[2024-11-12 22:17:16,444][absl][INFO] - MuJoCo library version is: 3.2.5
[2024-11-12 22:21:30,254][absl][INFO] - MUJOCO_GL is not set, so an OpenGL backend will be chosen automatically.
[2024-11-12 22:21:30,483][absl][INFO] - Successfully imported OpenGL backend: glfw
[2024-11-12 22:21:30,552][absl][INFO] - MuJoCo library version is: 3.2.5
[2024-11-12 22:22:24,386][absl][INFO] - MUJOCO_GL is not set, so an OpenGL backend will be chosen automatically.
[2024-11-12 22:22:24,614][absl][INFO] - Successfully imported OpenGL backend: glfw
[2024-11-12 22:22:24,688][absl][INFO] - MuJoCo library version is: 3.2.5
[2024-11-12 22:28:49,583][absl][INFO] - MUJOCO_GL is not set, so an OpenGL backend will be chosen automatically.
[2024-11-12 22:28:49,835][absl][INFO] - Successfully imported OpenGL backend: glfw
[2024-11-12 22:28:49,903][absl][INFO] - MuJoCo library version is: 3.2.5
[2024-11-12 22:29:24,210][absl][INFO] - MUJOCO_GL is not set, so an OpenGL backend will be chosen automatically.
[2024-11-12 22:29:24,426][absl][INFO] - Successfully imported OpenGL backend: glfw
[2024-11-12 22:29:24,495][absl][INFO] - MuJoCo library version is: 3.2.5
[2024-11-12 22:48:53,569][absl][INFO] - MUJOCO_GL is not set, so an OpenGL backend will be chosen automatically.
[2024-11-12 22:48:53,819][absl][INFO] - Successfully imported OpenGL backend: glfw
[2024-11-12 22:48:53,902][absl][INFO] - MuJoCo library version is: 3.2.5
[2024-11-12 23:12:43,093][absl][INFO] - MUJOCO_GL is not set, so an OpenGL backend will be chosen automatically.
[2024-11-12 23:12:43,342][absl][INFO] - Successfully imported OpenGL backend: glfw
[2024-11-12 23:12:43,413][absl][INFO] - MuJoCo library version is: 3.2.5
[2024-11-12 23:13:59,427][absl][INFO] - MUJOCO_GL is not set, so an OpenGL backend will be chosen automatically.
[2024-11-12 23:13:59,671][absl][INFO] - Successfully imported OpenGL backend: glfw
[2024-11-12 23:13:59,736][absl][INFO] - MuJoCo library version is: 3.2.5
[2024-11-12 23:16:10,961][absl][INFO] - MUJOCO_GL is not set, so an OpenGL backend will be chosen automatically.
[2024-11-12 23:16:11,219][absl][INFO] - Successfully imported OpenGL backend: glfw
[2024-11-12 23:16:11,289][absl][INFO] - MuJoCo library version is: 3.2.5
[2024-11-12 23:16:49,844][absl][INFO] - MUJOCO_GL is not set, so an OpenGL backend will be chosen automatically.
[2024-11-12 23:16:50,099][absl][INFO] - Successfully imported OpenGL backend: glfw
[2024-11-12 23:16:50,176][absl][INFO] - MuJoCo library version is: 3.2.5
[2024-11-12 23:23:47,657][absl][INFO] - MUJOCO_GL is not set, so an OpenGL backend will be chosen automatically.
[2024-11-12 23:23:47,912][absl][INFO] - Successfully imported OpenGL backend: glfw
[2024-11-12 23:23:47,981][absl][INFO] - MuJoCo library version is: 3.2.5
[2024-11-12 23:24:46,408][absl][INFO] - MUJOCO_GL is not set, so an OpenGL backend will be chosen automatically.
[2024-11-12 23:24:46,639][absl][INFO] - Successfully imported OpenGL backend: glfw
[2024-11-12 23:24:46,710][absl][INFO] - MuJoCo library version is: 3.2.5
[2024-11-12 23:28:06,003][absl][INFO] - MUJOCO_GL is not set, so an OpenGL backend will be chosen automatically.
[2024-11-12 23:28:06,249][absl][INFO] - Successfully imported OpenGL backend: glfw
[2024-11-12 23:28:06,318][absl][INFO] - MuJoCo library version is: 3.2.5
[2024-11-12 23:28:28,601][absl][INFO] - MUJOCO_GL is not set, so an OpenGL backend will be chosen automatically.
[2024-11-12 23:28:28,864][absl][INFO] - Successfully imported OpenGL backend: glfw
[2024-11-12 23:28:28,948][absl][INFO] - MuJoCo library version is: 3.2.5
[2024-11-12 23:28:58,962][absl][INFO] - MUJOCO_GL is not set, so an OpenGL backend will be chosen automatically.
[2024-11-12 23:28:59,183][absl][INFO] - Successfully imported OpenGL backend: glfw
[2024-11-12 23:28:59,255][absl][INFO] - MuJoCo library version is: 3.2.5
[2024-11-12 23:29:19,846][absl][INFO] - MUJOCO_GL is not set, so an OpenGL backend will be chosen automatically.
[2024-11-12 23:29:20,102][absl][INFO] - Successfully imported OpenGL backend: glfw
[2024-11-12 23:29:20,181][absl][INFO] - MuJoCo library version is: 3.2.5
[2024-11-12 23:29:50,693][absl][INFO] - MUJOCO_GL is not set, so an OpenGL backend will be chosen automatically.
[2024-11-12 23:29:50,949][absl][INFO] - Successfully imported OpenGL backend: glfw
[2024-11-12 23:29:51,025][absl][INFO] - MuJoCo library version is: 3.2.5
[2024-11-12 23:32:53,251][absl][INFO] - MUJOCO_GL is not set, so an OpenGL backend will be chosen automatically.
[2024-11-12 23:32:53,494][absl][INFO] - Successfully imported OpenGL backend: glfw
[2024-11-12 23:32:53,564][absl][INFO] - MuJoCo library version is: 3.2.5
[2024-11-12 23:34:05,891][absl][INFO] - MUJOCO_GL is not set, so an OpenGL backend will be chosen automatically.
[2024-11-12 23:34:06,140][absl][INFO] - Successfully imported OpenGL backend: glfw
[2024-11-12 23:34:06,223][absl][INFO] - MuJoCo library version is: 3.2.5
[2024-11-12 23:35:25,077][absl][INFO] - MUJOCO_GL is not set, so an OpenGL backend will be chosen automatically.
[2024-11-12 23:35:25,330][absl][INFO] - Successfully imported OpenGL backend: glfw
[2024-11-12 23:35:25,408][absl][INFO] - MuJoCo library version is: 3.2.5
[2024-11-12 23:36:01,458][absl][INFO] - MUJOCO_GL is not set, so an OpenGL backend will be chosen automatically.
[2024-11-12 23:36:01,700][absl][INFO] - Successfully imported OpenGL backend: glfw
[2024-11-12 23:36:01,782][absl][INFO] - MuJoCo library version is: 3.2.5
[2024-11-12 23:41:35,279][absl][INFO] - MUJOCO_GL is not set, so an OpenGL backend will be chosen automatically.
[2024-11-12 23:41:35,498][absl][INFO] - Successfully imported OpenGL backend: glfw
[2024-11-12 23:41:35,585][absl][INFO] - MuJoCo library version is: 3.2.5
[2024-11-12 23:43:41,264][absl][INFO] - MUJOCO_GL is not set, so an OpenGL backend will be chosen automatically.
[2024-11-12 23:43:41,505][absl][INFO] - Successfully imported OpenGL backend: glfw
[2024-11-12 23:43:41,587][absl][INFO] - MuJoCo library version is: 3.2.5
[2024-11-13 10:20:21,400][absl][INFO] - MUJOCO_GL is not set, so an OpenGL backend will be chosen automatically.
[2024-11-13 10:20:21,868][absl][INFO] - Successfully imported OpenGL backend: glfw
[2024-11-13 10:20:22,738][absl][INFO] - MuJoCo library version is: 3.2.5
[2024-11-13 10:25:00,535][absl][INFO] - MUJOCO_GL is not set, so an OpenGL backend will be chosen automatically.
[2024-11-13 10:25:00,746][absl][INFO] - Successfully imported OpenGL backend: glfw
[2024-11-13 10:25:00,812][absl][INFO] - MuJoCo library version is: 3.2.5
[2024-11-13 10:30:21,064][absl][INFO] - MUJOCO_GL is not set, so an OpenGL backend will be chosen automatically.
[2024-11-13 10:30:21,277][absl][INFO] - Successfully imported OpenGL backend: glfw
[2024-11-13 10:30:21,344][absl][INFO] - MuJoCo library version is: 3.2.5
[2024-11-13 10:32:02,930][absl][INFO] - MUJOCO_GL is not set, so an OpenGL backend will be chosen automatically.
[2024-11-13 10:32:03,165][absl][INFO] - Successfully imported OpenGL backend: glfw
[2024-11-13 10:32:03,241][absl][INFO] - MuJoCo library version is: 3.2.5
[2024-11-17 17:58:23,705][absl][INFO] - MUJOCO_GL is not set, so an OpenGL backend will be chosen automatically.
[2024-11-17 17:58:23,970][absl][INFO] - Successfully imported OpenGL backend: glfw
[2024-11-17 17:58:24,080][absl][INFO] - MuJoCo library version is: 3.2.5
[2024-11-26 15:10:24,088][absl][INFO] - MUJOCO_GL is not set, so an OpenGL backend will be chosen automatically.
[2024-11-26 15:10:24,327][absl][INFO] - Successfully imported OpenGL backend: glfw
[2024-11-26 15:10:24,433][absl][INFO] - MuJoCo library version is: 3.2.5
[2024-11-26 15:11:03,425][absl][INFO] - MUJOCO_GL is not set, so an OpenGL backend will be chosen automatically.
[2024-11-26 15:11:03,648][absl][INFO] - Successfully imported OpenGL backend: glfw
[2024-11-26 15:11:03,732][absl][INFO] - MuJoCo library version is: 3.2.5
[2024-11-26 15:12:08,302][absl][INFO] - MUJOCO_GL is not set, so an OpenGL backend will be chosen automatically.
[2024-11-26 15:12:08,548][absl][INFO] - Successfully imported OpenGL backend: glfw
[2024-11-26 15:12:08,624][absl][INFO] - MuJoCo library version is: 3.2.5
[2024-11-26 15:13:05,721][absl][INFO] - MUJOCO_GL is not set, so an OpenGL backend will be chosen automatically.
[2024-11-26 15:13:05,951][absl][INFO] - Successfully imported OpenGL backend: glfw
[2024-11-26 15:13:06,041][absl][INFO] - MuJoCo library version is: 3.2.5
[2024-11-26 15:13:56,789][absl][INFO] - MUJOCO_GL is not set, so an OpenGL backend will be chosen automatically.
[2024-11-26 15:13:57,049][absl][INFO] - Successfully imported OpenGL backend: glfw
[2024-11-26 15:13:57,147][absl][INFO] - MuJoCo library version is: 3.2.5
[2024-11-26 15:14:28,219][absl][INFO] - MUJOCO_GL is not set, so an OpenGL backend will be chosen automatically.
[2024-11-26 15:14:28,421][absl][INFO] - Successfully imported OpenGL backend: glfw
[2024-11-26 15:14:28,497][absl][INFO] - MuJoCo library version is: 3.2.5
[2024-11-29 17:03:35,235][absl][INFO] - MUJOCO_GL is not set, so an OpenGL backend will be chosen automatically.
[2024-11-29 17:03:35,487][absl][INFO] - Successfully imported OpenGL backend: glfw
[2024-11-29 17:03:35,595][absl][INFO] - MuJoCo library version is: 3.2.5
[2024-11-29 17:04:09,599][absl][INFO] - MUJOCO_GL is not set, so an OpenGL backend will be chosen automatically.
[2024-11-29 17:04:09,841][absl][INFO] - Successfully imported OpenGL backend: glfw
[2024-11-29 17:04:09,920][absl][INFO] - MuJoCo library version is: 3.2.5
[2024-11-29 17:05:05,565][absl][INFO] - MUJOCO_GL is not set, so an OpenGL backend will be chosen automatically.
[2024-11-29 17:05:05,785][absl][INFO] - Successfully imported OpenGL backend: glfw
[2024-11-29 17:05:05,864][absl][INFO] - MuJoCo library version is: 3.2.5
[2024-11-29 17:11:29,767][absl][INFO] - MUJOCO_GL is not set, so an OpenGL backend will be chosen automatically.
[2024-11-29 17:11:29,968][absl][INFO] - Successfully imported OpenGL backend: glfw
[2024-11-29 17:11:30,041][absl][INFO] - MuJoCo library version is: 3.2.5
[2024-12-02 16:10:15,230][absl][INFO] - MUJOCO_GL is not set, so an OpenGL backend will be chosen automatically.
[2024-12-02 16:10:15,504][absl][INFO] - Successfully imported OpenGL backend: glfw
[2024-12-02 16:10:15,702][absl][INFO] - MuJoCo library version is: 3.2.5
[2024-12-02 16:11:27,366][absl][INFO] - MUJOCO_GL is not set, so an OpenGL backend will be chosen automatically.
[2024-12-02 16:11:27,609][absl][INFO] - Successfully imported OpenGL backend: glfw
[2024-12-02 16:11:27,707][absl][INFO] - MuJoCo library version is: 3.2.5
[2024-12-02 16:20:06,067][absl][INFO] - MUJOCO_GL is not set, so an OpenGL backend will be chosen automatically.
[2024-12-02 16:20:06,296][absl][INFO] - Successfully imported OpenGL backend: glfw
[2024-12-02 16:20:06,403][absl][INFO] - MuJoCo library version is: 3.2.5
[2024-12-02 16:20:18,172][absl][INFO] - MUJOCO_GL is not set, so an OpenGL backend will be chosen automatically.
[2024-12-02 16:20:18,394][absl][INFO] - Successfully imported OpenGL backend: glfw
[2024-12-02 16:20:18,470][absl][INFO] - MuJoCo library version is: 3.2.5
[2024-12-02 16:20:35,119][absl][INFO] - MUJOCO_GL is not set, so an OpenGL backend will be chosen automatically.
[2024-12-02 16:20:35,340][absl][INFO] - Successfully imported OpenGL backend: glfw
[2024-12-02 16:20:35,424][absl][INFO] - MuJoCo library version is: 3.2.5
[2024-12-02 16:21:04,709][absl][INFO] - MUJOCO_GL is not set, so an OpenGL backend will be chosen automatically.
[2024-12-02 16:21:04,931][absl][INFO] - Successfully imported OpenGL backend: glfw
[2024-12-02 16:21:05,041][absl][INFO] - MuJoCo library version is: 3.2.5
[2024-12-02 16:21:38,114][absl][INFO] - MUJOCO_GL is not set, so an OpenGL backend will be chosen automatically.
[2024-12-02 16:21:38,383][absl][INFO] - Successfully imported OpenGL backend: glfw
[2024-12-02 16:21:38,508][absl][INFO] - MuJoCo library version is: 3.2.5
[2024-12-02 16:22:07,046][absl][INFO] - MUJOCO_GL is not set, so an OpenGL backend will be chosen automatically.
[2024-12-02 16:22:07,308][absl][INFO] - Successfully imported OpenGL backend: glfw
[2024-12-02 16:22:07,384][absl][INFO] - MuJoCo library version is: 3.2.5
[2024-12-02 16:22:28,837][absl][INFO] - MUJOCO_GL is not set, so an OpenGL backend will be chosen automatically.
[2024-12-02 16:22:29,115][absl][INFO] - Successfully imported OpenGL backend: glfw
[2024-12-02 16:22:29,191][absl][INFO] - MuJoCo library version is: 3.2.5
[2024-12-02 16:26:03,484][absl][INFO] - MUJOCO_GL is not set, so an OpenGL backend will be chosen automatically.
[2024-12-02 16:26:03,750][absl][INFO] - Successfully imported OpenGL backend: glfw
[2024-12-02 16:26:03,856][absl][INFO] - MuJoCo library version is: 3.2.5
[2024-12-02 16:27:42,939][absl][INFO] - MUJOCO_GL is not set, so an OpenGL backend will be chosen automatically.
[2024-12-02 16:27:43,190][absl][INFO] - Successfully imported OpenGL backend: glfw
[2024-12-02 16:27:43,262][absl][INFO] - MuJoCo library version is: 3.2.5
[2024-12-02 16:41:54,819][absl][INFO] - MUJOCO_GL is not set, so an OpenGL backend will be chosen automatically.
[2024-12-02 16:41:55,065][absl][INFO] - Successfully imported OpenGL backend: glfw
[2024-12-02 16:41:55,136][absl][INFO] - MuJoCo library version is: 3.2.5
[2024-12-03 12:35:18,897][absl][INFO] - MUJOCO_GL is not set, so an OpenGL backend will be chosen automatically.
[2024-12-03 12:35:19,170][absl][INFO] - Successfully imported OpenGL backend: glfw
[2024-12-03 12:35:19,345][absl][INFO] - MuJoCo library version is: 3.2.5
[2024-12-03 12:36:07,656][absl][INFO] - MUJOCO_GL is not set, so an OpenGL backend will be chosen automatically.
[2024-12-03 12:36:07,874][absl][INFO] - Successfully imported OpenGL backend: glfw
[2024-12-03 12:36:07,948][absl][INFO] - MuJoCo library version is: 3.2.5
[2024-12-03 12:36:21,518][absl][INFO] - MUJOCO_GL is not set, so an OpenGL backend will be chosen automatically.
[2024-12-03 12:36:21,752][absl][INFO] - Successfully imported OpenGL backend: glfw
[2024-12-03 12:36:21,827][absl][INFO] - MuJoCo library version is: 3.2.5
[2025-01-05 19:51:40,163][absl][INFO] - MUJOCO_GL is not set, so an OpenGL backend will be chosen automatically.
[2025-01-05 19:51:40,494][absl][INFO] - Successfully imported OpenGL backend: glfw
[2025-01-05 19:51:41,274][absl][INFO] - MuJoCo library version is: 3.2.5
[2025-01-05 19:51:57,668][absl][INFO] - MUJOCO_GL is not set, so an OpenGL backend will be chosen automatically.
[2025-01-05 19:51:57,886][absl][INFO] - Successfully imported OpenGL backend: glfw
[2025-01-05 19:51:57,953][absl][INFO] - MuJoCo library version is: 3.2.5
[2025-01-05 19:52:51,372][absl][INFO] - MUJOCO_GL is not set, so an OpenGL backend will be chosen automatically.
[2025-01-05 19:52:51,582][absl][INFO] - Successfully imported OpenGL backend: glfw
[2025-01-05 19:52:51,653][absl][INFO] - MuJoCo library version is: 3.2.5
[2025-01-05 19:54:12,533][absl][INFO] - MUJOCO_GL is not set, so an OpenGL backend will be chosen automatically.
[2025-01-05 19:54:12,738][absl][INFO] - Successfully imported OpenGL backend: glfw
[2025-01-05 19:54:12,810][absl][INFO] - MuJoCo library version is: 3.2.5
[2025-01-06 10:16:48,256][absl][INFO] - MUJOCO_GL is not set, so an OpenGL backend will be chosen automatically.
[2025-01-06 10:16:48,526][absl][INFO] - Successfully imported OpenGL backend: glfw
[2025-01-06 10:16:48,673][absl][INFO] - MuJoCo library version is: 3.2.5
[2025-01-06 10:57:43,302][absl][INFO] - MUJOCO_GL is not set, so an OpenGL backend will be chosen automatically.
[2025-01-06 10:57:43,572][absl][INFO] - Successfully imported OpenGL backend: glfw
[2025-01-06 10:57:43,733][absl][INFO] - MuJoCo library version is: 3.2.5
[2025-01-06 10:58:05,770][absl][INFO] - MUJOCO_GL is not set, so an OpenGL backend will be chosen automatically.
[2025-01-06 10:58:06,000][absl][INFO] - Successfully imported OpenGL backend: glfw
[2025-01-06 10:58:06,075][absl][INFO] - MuJoCo library version is: 3.2.5
[2025-01-16 14:41:14,412][absl][INFO] - MUJOCO_GL is not set, so an OpenGL backend will be chosen automatically.
[2025-01-16 14:41:14,925][absl][INFO] - Successfully imported OpenGL backend: glfw
[2025-01-16 14:41:19,194][absl][INFO] - MuJoCo library version is: 3.2.7
[2025-01-16 16:56:12,948][absl][INFO] - MUJOCO_GL is not set, so an OpenGL backend will be chosen automatically.
[2025-01-16 16:56:13,212][absl][INFO] - Successfully imported OpenGL backend: glfw
[2025-01-16 16:56:13,331][absl][INFO] - MuJoCo library version is: 3.2.7
[2025-01-16 16:56:51,234][absl][INFO] - MUJOCO_GL is not set, so an OpenGL backend will be chosen automatically.
[2025-01-16 16:56:51,493][absl][INFO] - Successfully imported OpenGL backend: glfw
[2025-01-16 16:56:51,575][absl][INFO] - MuJoCo library version is: 3.2.7
[2025-01-16 16:59:13,875][absl][INFO] - MUJOCO_GL is not set, so an OpenGL backend will be chosen automatically.
[2025-01-16 16:59:14,188][absl][INFO] - Successfully imported OpenGL backend: glfw
[2025-01-16 16:59:14,281][absl][INFO] - MuJoCo library version is: 3.2.7
[2025-01-16 16:59:34,350][absl][INFO] - MUJOCO_GL is not set, so an OpenGL backend will be chosen automatically.
[2025-01-16 16:59:34,600][absl][INFO] - Successfully imported OpenGL backend: glfw
[2025-01-16 16:59:34,680][absl][INFO] - MuJoCo library version is: 3.2.7
[2025-01-16 17:00:03,498][absl][INFO] - MUJOCO_GL is not set, so an OpenGL backend will be chosen automatically.
[2025-01-16 17:00:03,744][absl][INFO] - Successfully imported OpenGL backend: glfw
[2025-01-16 17:00:03,820][absl][INFO] - MuJoCo library version is: 3.2.7
[2025-01-16 17:00:36,483][absl][INFO] - MUJOCO_GL is not set, so an OpenGL backend will be chosen automatically.
[2025-01-16 17:00:36,720][absl][INFO] - Successfully imported OpenGL backend: glfw
[2025-01-16 17:00:36,791][absl][INFO] - MuJoCo library version is: 3.2.7
[2025-01-16 17:01:16,783][absl][INFO] - MUJOCO_GL is not set, so an OpenGL backend will be chosen automatically.
[2025-01-16 17:01:17,021][absl][INFO] - Successfully imported OpenGL backend: glfw
[2025-01-16 17:01:17,100][absl][INFO] - MuJoCo library version is: 3.2.7
[2025-01-16 17:02:03,739][absl][INFO] - MUJOCO_GL is not set, so an OpenGL backend will be chosen automatically.
[2025-01-16 17:02:03,994][absl][INFO] - Successfully imported OpenGL backend: glfw
[2025-01-16 17:02:04,073][absl][INFO] - MuJoCo library version is: 3.2.7
[2025-01-16 17:02:31,840][absl][INFO] - MUJOCO_GL is not set, so an OpenGL backend will be chosen automatically.
[2025-01-16 17:02:32,069][absl][INFO] - Successfully imported OpenGL backend: glfw
[2025-01-16 17:02:32,143][absl][INFO] - MuJoCo library version is: 3.2.7
[2025-01-16 17:09:52,647][absl][INFO] - MUJOCO_GL is not set, so an OpenGL backend will be chosen automatically.
[2025-01-16 17:09:52,900][absl][INFO] - Successfully imported OpenGL backend: glfw
[2025-01-16 17:09:52,980][absl][INFO] - MuJoCo library version is: 3.2.7
[2025-01-16 17:11:29,258][absl][INFO] - MUJOCO_GL is not set, so an OpenGL backend will be chosen automatically.
[2025-01-16 17:11:29,542][absl][INFO] - Successfully imported OpenGL backend: glfw
[2025-01-16 17:11:29,633][absl][INFO] - MuJoCo library version is: 3.2.7
[2025-01-16 17:12:35,617][absl][INFO] - MUJOCO_GL is not set, so an OpenGL backend will be chosen automatically.
[2025-01-16 17:12:35,852][absl][INFO] - Successfully imported OpenGL backend: glfw
[2025-01-16 17:12:35,933][absl][INFO] - MuJoCo library version is: 3.2.7
[2025-01-16 17:14:05,787][absl][INFO] - MUJOCO_GL is not set, so an OpenGL backend will be chosen automatically.
[2025-01-16 17:14:06,030][absl][INFO] - Successfully imported OpenGL backend: glfw
[2025-01-16 17:14:06,110][absl][INFO] - MuJoCo library version is: 3.2.7
[2025-01-16 17:14:26,782][absl][INFO] - MUJOCO_GL is not set, so an OpenGL backend will be chosen automatically.
[2025-01-16 17:14:27,035][absl][INFO] - Successfully imported OpenGL backend: glfw
[2025-01-16 17:14:27,117][absl][INFO] - MuJoCo library version is: 3.2.7
[2025-01-16 17:14:45,936][absl][INFO] - MUJOCO_GL is not set, so an OpenGL backend will be chosen automatically.
[2025-01-16 17:14:46,182][absl][INFO] - Successfully imported OpenGL backend: glfw
[2025-01-16 17:14:46,262][absl][INFO] - MuJoCo library version is: 3.2.7
[2025-01-16 17:15:29,918][absl][INFO] - MUJOCO_GL is not set, so an OpenGL backend will be chosen automatically.
[2025-01-16 17:15:30,159][absl][INFO] - Successfully imported OpenGL backend: glfw
[2025-01-16 17:15:30,233][absl][INFO] - MuJoCo library version is: 3.2.7
[2025-01-16 17:15:50,088][absl][INFO] - MUJOCO_GL is not set, so an OpenGL backend will be chosen automatically.
[2025-01-16 17:15:50,329][absl][INFO] - Successfully imported OpenGL backend: glfw
[2025-01-16 17:15:50,406][absl][INFO] - MuJoCo library version is: 3.2.7
[2025-01-16 17:16:29,019][absl][INFO] - MUJOCO_GL is not set, so an OpenGL backend will be chosen automatically.
[2025-01-16 17:16:29,260][absl][INFO] - Successfully imported OpenGL backend: glfw
[2025-01-16 17:16:29,330][absl][INFO] - MuJoCo library version is: 3.2.7
[2025-01-16 17:20:18,585][absl][INFO] - MUJOCO_GL is not set, so an OpenGL backend will be chosen automatically.
[2025-01-16 17:20:18,851][absl][INFO] - Successfully imported OpenGL backend: glfw
[2025-01-16 17:20:18,931][absl][INFO] - MuJoCo library version is: 3.2.7
[2025-01-16 17:30:00,830][absl][INFO] - MUJOCO_GL is not set, so an OpenGL backend will be chosen automatically.
[2025-01-16 17:30:01,089][absl][INFO] - Successfully imported OpenGL backend: glfw
[2025-01-16 17:30:01,172][absl][INFO] - MuJoCo library version is: 3.2.7
[2025-01-16 17:31:02,839][absl][INFO] - MUJOCO_GL is not set, so an OpenGL backend will be chosen automatically.
[2025-01-16 17:31:03,088][absl][INFO] - Successfully imported OpenGL backend: glfw
[2025-01-16 17:31:03,169][absl][INFO] - MuJoCo library version is: 3.2.7
[2025-01-16 17:35:02,657][absl][INFO] - MUJOCO_GL is not set, so an OpenGL backend will be chosen automatically.
[2025-01-16 17:35:02,908][absl][INFO] - Successfully imported OpenGL backend: glfw
[2025-01-16 17:35:02,981][absl][INFO] - MuJoCo library version is: 3.2.7
[2025-01-16 17:35:47,412][absl][INFO] - MUJOCO_GL is not set, so an OpenGL backend will be chosen automatically.
[2025-01-16 17:35:47,663][absl][INFO] - Successfully imported OpenGL backend: glfw
[2025-01-16 17:35:47,733][absl][INFO] - MuJoCo library version is: 3.2.7
[2025-01-16 17:36:51,558][absl][INFO] - MUJOCO_GL is not set, so an OpenGL backend will be chosen automatically.
[2025-01-16 17:36:51,789][absl][INFO] - Successfully imported OpenGL backend: glfw
[2025-01-16 17:36:51,861][absl][INFO] - MuJoCo library version is: 3.2.7
[2025-01-16 17:37:43,918][absl][INFO] - MUJOCO_GL is not set, so an OpenGL backend will be chosen automatically.
[2025-01-16 17:37:44,152][absl][INFO] - Successfully imported OpenGL backend: glfw
[2025-01-16 17:37:44,225][absl][INFO] - MuJoCo library version is: 3.2.7
[2025-01-16 17:38:12,181][absl][INFO] - MUJOCO_GL is not set, so an OpenGL backend will be chosen automatically.
[2025-01-16 17:38:12,425][absl][INFO] - Successfully imported OpenGL backend: glfw
[2025-01-16 17:38:12,498][absl][INFO] - MuJoCo library version is: 3.2.7
[2025-01-16 17:38:25,391][absl][INFO] - MUJOCO_GL is not set, so an OpenGL backend will be chosen automatically.
[2025-01-16 17:38:25,610][absl][INFO] - Successfully imported OpenGL backend: glfw
[2025-01-16 17:38:25,680][absl][INFO] - MuJoCo library version is: 3.2.7
[2025-01-16 17:39:01,378][absl][INFO] - MUJOCO_GL is not set, so an OpenGL backend will be chosen automatically.
[2025-01-16 17:39:01,630][absl][INFO] - Successfully imported OpenGL backend: glfw
[2025-01-16 17:39:01,705][absl][INFO] - MuJoCo library version is: 3.2.7
[2025-01-16 17:40:18,160][absl][INFO] - MUJOCO_GL is not set, so an OpenGL backend will be chosen automatically.
[2025-01-16 17:40:18,389][absl][INFO] - Successfully imported OpenGL backend: glfw
[2025-01-16 17:40:18,464][absl][INFO] - MuJoCo library version is: 3.2.7
[2025-01-16 17:41:00,059][absl][INFO] - MUJOCO_GL is not set, so an OpenGL backend will be chosen automatically.
[2025-01-16 17:41:00,299][absl][INFO] - Successfully imported OpenGL backend: glfw
[2025-01-16 17:41:00,371][absl][INFO] - MuJoCo library version is: 3.2.7
[2025-01-17 10:51:12,404][absl][INFO] - MUJOCO_GL is not set, so an OpenGL backend will be chosen automatically.
[2025-01-17 10:51:12,688][absl][INFO] - Successfully imported OpenGL backend: glfw
[2025-01-17 10:51:12,923][absl][INFO] - MuJoCo library version is: 3.2.7
[2025-01-17 11:08:07,078][absl][INFO] - MUJOCO_GL is not set, so an OpenGL backend will be chosen automatically.
[2025-01-17 11:08:07,326][absl][INFO] - Successfully imported OpenGL backend: glfw
[2025-01-17 11:08:07,404][absl][INFO] - MuJoCo library version is: 3.2.7
[2025-01-17 11:08:13,045][root][INFO] - `eval_env` has been set to True but the dataset mujoco/ant/expert-v0 doesn't provide an evaluation environment. Instead, the environment used for collecting the data will be returned: EnvSpec(id='Ant-v5', entry_point='gymnasium.envs.mujoco.ant_v5:AntEnv', reward_threshold=6000.0, nondeterministic=False, max_episode_steps=1000, order_enforce=True, disable_env_checker=False, kwargs={}, namespace=None, name='Ant', version=5, additional_wrappers=(), vector_entry_point=None)
[2025-01-17 11:09:20,815][absl][INFO] - MUJOCO_GL is not set, so an OpenGL backend will be chosen automatically.
[2025-01-17 11:09:21,042][absl][INFO] - Successfully imported OpenGL backend: glfw
[2025-01-17 11:09:21,119][absl][INFO] - MuJoCo library version is: 3.2.7
[2025-01-17 11:09:26,050][root][INFO] - `eval_env` has been set to True but the dataset mujoco/ant/expert-v0 doesn't provide an evaluation environment. Instead, the environment used for collecting the data will be returned: EnvSpec(id='Ant-v5', entry_point='gymnasium.envs.mujoco.ant_v5:AntEnv', reward_threshold=6000.0, nondeterministic=False, max_episode_steps=1000, order_enforce=True, disable_env_checker=False, kwargs={}, namespace=None, name='Ant', version=5, additional_wrappers=(), vector_entry_point=None)
[2025-01-17 11:12:14,309][absl][INFO] - MUJOCO_GL is not set, so an OpenGL backend will be chosen automatically.
[2025-01-17 11:12:14,554][absl][INFO] - Successfully imported OpenGL backend: glfw
[2025-01-17 11:12:14,626][absl][INFO] - MuJoCo library version is: 3.2.7
[2025-01-17 11:12:19,534][root][INFO] - `eval_env` has been set to True but the dataset mujoco/ant/expert-v0 doesn't provide an evaluation environment. Instead, the environment used for collecting the data will be returned: EnvSpec(id='Ant-v5', entry_point='gymnasium.envs.mujoco.ant_v5:AntEnv', reward_threshold=6000.0, nondeterministic=False, max_episode_steps=1000, order_enforce=True, disable_env_checker=False, kwargs={}, namespace=None, name='Ant', version=5, additional_wrappers=(), vector_entry_point=None)
[2025-01-17 11:17:47,363][absl][INFO] - MUJOCO_GL is not set, so an OpenGL backend will be chosen automatically.
[2025-01-17 11:17:47,598][absl][INFO] - Successfully imported OpenGL backend: glfw
[2025-01-17 11:17:47,670][absl][INFO] - MuJoCo library version is: 3.2.7
[2025-01-17 11:19:48,235][absl][INFO] - MUJOCO_GL is not set, so an OpenGL backend will be chosen automatically.
[2025-01-17 11:19:48,481][absl][INFO] - Successfully imported OpenGL backend: glfw
[2025-01-17 11:19:48,555][absl][INFO] - MuJoCo library version is: 3.2.7
[2025-01-17 11:45:48,291][absl][INFO] - MUJOCO_GL is not set, so an OpenGL backend will be chosen automatically.
[2025-01-17 11:45:48,519][absl][INFO] - Successfully imported OpenGL backend: glfw
[2025-01-17 11:45:48,593][absl][INFO] - MuJoCo library version is: 3.2.7
[2025-01-17 11:47:14,505][absl][INFO] - MUJOCO_GL is not set, so an OpenGL backend will be chosen automatically.
[2025-01-17 11:47:14,741][absl][INFO] - Successfully imported OpenGL backend: glfw
[2025-01-17 11:47:14,815][absl][INFO] - MuJoCo library version is: 3.2.7
[2025-01-17 13:56:56,618][absl][INFO] - MUJOCO_GL is not set, so an OpenGL backend will be chosen automatically.
[2025-01-17 13:56:56,888][absl][INFO] - Successfully imported OpenGL backend: glfw
[2025-01-17 13:56:56,982][absl][INFO] - MuJoCo library version is: 3.2.7
[2025-01-17 13:57:12,407][absl][INFO] - MUJOCO_GL is not set, so an OpenGL backend will be chosen automatically.
[2025-01-17 13:57:12,664][absl][INFO] - Successfully imported OpenGL backend: glfw
[2025-01-17 13:57:12,743][absl][INFO] - MuJoCo library version is: 3.2.7
[2025-01-17 13:57:36,351][absl][INFO] - MUJOCO_GL is not set, so an OpenGL backend will be chosen automatically.
[2025-01-17 13:57:36,604][absl][INFO] - Successfully imported OpenGL backend: glfw
[2025-01-17 13:57:36,683][absl][INFO] - MuJoCo library version is: 3.2.7
[2025-01-17 13:59:22,006][absl][INFO] - MUJOCO_GL is not set, so an OpenGL backend will be chosen automatically.
[2025-01-17 13:59:22,281][absl][INFO] - Successfully imported OpenGL backend: glfw
[2025-01-17 13:59:22,372][absl][INFO] - MuJoCo library version is: 3.2.7
[2025-01-17 14:04:50,337][absl][INFO] - MUJOCO_GL is not set, so an OpenGL backend will be chosen automatically.
[2025-01-17 14:04:50,599][absl][INFO] - Successfully imported OpenGL backend: glfw
[2025-01-17 14:04:50,679][absl][INFO] - MuJoCo library version is: 3.2.7
[2025-01-17 14:08:19,814][absl][INFO] - MUJOCO_GL is not set, so an OpenGL backend will be chosen automatically.
[2025-01-17 14:08:20,083][absl][INFO] - Successfully imported OpenGL backend: glfw
[2025-01-17 14:08:20,167][absl][INFO] - MuJoCo library version is: 3.2.7
[2025-01-17 14:08:36,001][absl][INFO] - MUJOCO_GL is not set, so an OpenGL backend will be chosen automatically.
[2025-01-17 14:08:36,319][absl][INFO] - Successfully imported OpenGL backend: glfw
[2025-01-17 14:08:36,393][absl][INFO] - MuJoCo library version is: 3.2.7
[2025-01-17 14:09:11,662][absl][INFO] - MUJOCO_GL is not set, so an OpenGL backend will be chosen automatically.
[2025-01-17 14:09:11,923][absl][INFO] - Successfully imported OpenGL backend: glfw
[2025-01-17 14:09:12,022][absl][INFO] - MuJoCo library version is: 3.2.7
[2025-01-17 14:09:39,945][absl][INFO] - MUJOCO_GL is not set, so an OpenGL backend will be chosen automatically.
[2025-01-17 14:09:40,211][absl][INFO] - Successfully imported OpenGL backend: glfw
[2025-01-17 14:09:40,297][absl][INFO] - MuJoCo library version is: 3.2.7
[2025-01-17 17:04:04,706][absl][INFO] - MUJOCO_GL is not set, so an OpenGL backend will be chosen automatically.
[2025-01-17 17:04:04,996][absl][INFO] - Successfully imported OpenGL backend: glfw
[2025-01-17 17:04:05,123][absl][INFO] - MuJoCo library version is: 3.2.7
